This file contains any messages produced by compilers while
running configure, to aid debugging if configure makes a mistake.

It was created by which configure 2.21, which was
generated by GNU Autoconf 2.72.  Invocation command line was

  $ ./configure --no-create --no-recursion

## --------- ##
## Platform. ##
## --------- ##

hostname = macs-MacBook-Pro-2.local
uname -m = arm64
uname -r = 23.2.0
uname -s = Darwin
uname -v = Darwin Kernel Version 23.2.0: Wed Nov 15 21:54:51 PST 2023; root:xnu-10002.61.3~2/RELEASE_ARM64_T6030

/usr/bin/uname -p = arm
/bin/uname -X     = unknown

/bin/arch              = unknown
/usr/bin/arch -k       = unknown
/usr/convex/getsysinfo = unknown
/usr/bin/hostinfo      = Mach kernel version:
	 Darwin Kernel Version 23.2.0: Wed Nov 15 21:54:51 PST 2023; root:xnu-10002.61.3~2/RELEASE_ARM64_T6030
Kernel configured for up to 11 processors.
11 processors are physically available.
11 processors are logically available.
Processor type: arm64e (ARM64E)
Processors active: 0 1 2 3 4 5 6 7 8 9 10
Primary memory available: 18.00 gigabytes
Default processor set: 462 tasks, 3491 threads, 11 processors
Load average: 4.96, Mach factor: 6.27
/bin/machine           = unknown
/usr/bin/oslevel       = unknown
/bin/universe          = unknown

PATH: /Users/mac/my_project_env/bin/
PATH: /Users/mac/.opam/pnp-ssreflect-fcsl-pcm-htt/bin/
PATH: /opt/homebrew/bin/
PATH: /opt/homebrew/sbin/
PATH: /usr/local/bin/
PATH: /System/Cryptexes/App/usr/bin/
PATH: /usr/bin/
PATH: /bin/
PATH: /usr/sbin/
PATH: /sbin/
PATH: /var/run/com.apple.security.cryptexd/codex.system/bootstrap/usr/local/bin/
PATH: /var/run/com.apple.security.cryptexd/codex.system/bootstrap/usr/bin/
PATH: /var/run/com.apple.security.cryptexd/codex.system/bootstrap/usr/appleinternal/bin/
PATH: /usr/local/share/dotnet/
PATH: ~/.dotnet/tools/
PATH: /opt/homebrew/bin/
PATH: /opt/homebrew/sbin/
PATH: /Users/mac/.cargo/bin/
PATH: /Users/mac/.dotnet/tools/
PATH: /Users/mac/.dotnet/tools/


## ----------- ##
## Core tests. ##
## ----------- ##

configure:2367: looking for aux files: compile missing install-sh
configure:2380:  trying ./
configure:2409:   ./compile found
configure:2409:   ./missing found
configure:2391:   ./install-sh found
configure:2540: checking for a BSD-compatible install
configure:2614: result: /usr/bin/install -c
configure:2625: checking whether build environment is sane
configure:2680: result: yes
configure:2846: checking for a race-free mkdir -p
configure:2889: result: mkdir -p
configure:2896: checking for gawk
configure:2932: result: no
configure:2896: checking for mawk
configure:2932: result: no
configure:2896: checking for nawk
configure:2932: result: no
configure:2896: checking for awk
configure:2917: found /usr/bin/awk
configure:2929: result: awk
configure:2940: checking whether make sets $(MAKE)
configure:2964: result: yes
configure:2994: checking whether make supports nested variables
configure:3013: result: yes
configure:3138: checking whether to enable maintainer-specific portions of Makefiles
configure:3149: result: no
configure:3247: checking for gcc
configure:3268: found /usr/bin/gcc
configure:3280: result: gcc
configure:3639: checking for C compiler version
configure:3648: gcc --version >&5
Apple clang version 15.0.0 (clang-1500.1.0.2.5)
Target: arm64-apple-darwin23.2.0
Thread model: posix
InstalledDir: /Library/Developer/CommandLineTools/usr/bin
configure:3659: $? = 0
configure:3648: gcc -v >&5
Apple clang version 15.0.0 (clang-1500.1.0.2.5)
Target: arm64-apple-darwin23.2.0
Thread model: posix
InstalledDir: /Library/Developer/CommandLineTools/usr/bin
configure:3659: $? = 0
configure:3648: gcc -V >&5
clang: error: argument to '-V' is missing (expected 1 value)
clang: error: no input files
configure:3659: $? = 1
configure:3648: gcc -qversion >&5
clang: error: unknown argument '-qversion'; did you mean '--version'?
clang: error: no input files
configure:3659: $? = 1
configure:3648: gcc -version >&5
clang: error: unknown argument '-version'; did you mean '--version'?
clang: error: no input files
configure:3659: $? = 1
configure:3679: checking whether the C compiler works
configure:3701: gcc    conftest.c  >&5
configure:3705: $? = 0
configure:3756: result: yes
configure:3760: checking for C compiler default output file name
configure:3762: result: a.out
configure:3768: checking for suffix of executables
configure:3775: gcc -o conftest    conftest.c  >&5
configure:3779: $? = 0
configure:3803: result: 
configure:3827: checking whether we are cross compiling
configure:3835: gcc -o conftest    conftest.c  >&5
configure:3839: $? = 0
configure:3846: ./conftest
configure:3850: $? = 0
configure:3865: result: no
configure:3871: checking for suffix of object files
configure:3894: gcc -c   conftest.c >&5
configure:3898: $? = 0
configure:3922: result: o
configure:3926: checking whether the compiler supports GNU C
configure:3946: gcc -c   conftest.c >&5
configure:3946: $? = 0
configure:3958: result: yes
configure:3969: checking whether gcc accepts -g
configure:3990: gcc -c -g  conftest.c >&5
configure:3990: $? = 0
configure:4037: result: yes
configure:4057: checking for gcc option to enable C11 features
configure:4072: gcc  -c -g -O2  conftest.c >&5
configure:4072: $? = 0
configure:4091: result: none needed
configure:4215: checking whether gcc understands -c and -o together
configure:4238: gcc -c conftest.c -o conftest2.o
configure:4241: $? = 0
configure:4238: gcc -c conftest.c -o conftest2.o
configure:4241: $? = 0
configure:4254: result: yes
configure:4282: checking for style of include used by make
configure:4310: result: GNU
configure:4337: checking dependency style of gcc
configure:4450: result: pch
configure:4477: checking for stdio.h
configure:4477: gcc -c -g -O2  conftest.c >&5
configure:4477: $? = 0
configure:4477: result: yes
configure:4477: checking for stdlib.h
configure:4477: gcc -c -g -O2  conftest.c >&5
configure:4477: $? = 0
configure:4477: result: yes
configure:4477: checking for string.h
configure:4477: gcc -c -g -O2  conftest.c >&5
configure:4477: $? = 0
configure:4477: result: yes
configure:4477: checking for inttypes.h
configure:4477: gcc -c -g -O2  conftest.c >&5
configure:4477: $? = 0
configure:4477: result: yes
configure:4477: checking for stdint.h
configure:4477: gcc -c -g -O2  conftest.c >&5
configure:4477: $? = 0
configure:4477: result: yes
configure:4477: checking for strings.h
configure:4477: gcc -c -g -O2  conftest.c >&5
configure:4477: $? = 0
configure:4477: result: yes
configure:4477: checking for sys/stat.h
configure:4477: gcc -c -g -O2  conftest.c >&5
configure:4477: $? = 0
configure:4477: result: yes
configure:4477: checking for sys/types.h
configure:4477: gcc -c -g -O2  conftest.c >&5
configure:4477: $? = 0
configure:4477: result: yes
configure:4477: checking for unistd.h
configure:4477: gcc -c -g -O2  conftest.c >&5
configure:4477: $? = 0
configure:4477: result: yes
configure:4477: checking for wchar.h
configure:4477: gcc -c -g -O2  conftest.c >&5
configure:4477: $? = 0
configure:4477: result: yes
configure:4477: checking for minix/config.h
configure:4477: gcc -c -g -O2  conftest.c >&5
conftest.c:49:10: fatal error: 'minix/config.h' file not found
#include <minix/config.h>
         ^~~~~~~~~~~~~~~~
1 error generated.
configure:4477: $? = 1
configure: failed program was:
| /* confdefs.h */
| #define PACKAGE_NAME "which"
| #define PACKAGE_TARNAME "which"
| #define PACKAGE_VERSION "2.21"
| #define PACKAGE_STRING "which 2.21"
| #define PACKAGE_BUGREPORT ""
| #define PACKAGE_URL ""
| #define PACKAGE "which"
| #define VERSION "2.21"
| #define HAVE_STDIO_H 1
| #define HAVE_STDLIB_H 1
| #define HAVE_STRING_H 1
| #define HAVE_INTTYPES_H 1
| #define HAVE_STDINT_H 1
| #define HAVE_STRINGS_H 1
| #define HAVE_SYS_STAT_H 1
| #define HAVE_SYS_TYPES_H 1
| #define HAVE_UNISTD_H 1
| #define HAVE_WCHAR_H 1
| /* end confdefs.h.  */
| #include <stddef.h>
| #ifdef HAVE_STDIO_H
| # include <stdio.h>
| #endif
| #ifdef HAVE_STDLIB_H
| # include <stdlib.h>
| #endif
| #ifdef HAVE_STRING_H
| # include <string.h>
| #endif
| #ifdef HAVE_INTTYPES_H
| # include <inttypes.h>
| #endif
| #ifdef HAVE_STDINT_H
| # include <stdint.h>
| #endif
| #ifdef HAVE_STRINGS_H
| # include <strings.h>
| #endif
| #ifdef HAVE_SYS_TYPES_H
| # include <sys/types.h>
| #endif
| #ifdef HAVE_SYS_STAT_H
| # include <sys/stat.h>
| #endif
| #ifdef HAVE_UNISTD_H
| # include <unistd.h>
| #endif
| #include <minix/config.h>
configure:4477: result: no
configure:4508: checking whether it is safe to define __EXTENSIONS__
configure:4527: gcc -c -g -O2  conftest.c >&5
configure:4527: $? = 0
configure:4537: result: yes
configure:4540: checking whether _XOPEN_SOURCE should be defined
configure:4562: gcc -c -g -O2  conftest.c >&5
configure:4562: $? = 0
configure:4591: result: no
configure:4653: checking for xmalloc in libiberty.a
configure:4683: gcc -o conftest -g -O2   conftest.c /lib/libiberty.a   >&5
clang: error: no such file or directory: '/lib/libiberty.a'
configure:4683: $? = 1
configure: failed program was:
| /* confdefs.h */
| #define PACKAGE_NAME "which"
| #define PACKAGE_TARNAME "which"
| #define PACKAGE_VERSION "2.21"
| #define PACKAGE_STRING "which 2.21"
| #define PACKAGE_BUGREPORT ""
| #define PACKAGE_URL ""
| #define PACKAGE "which"
| #define VERSION "2.21"
| #define HAVE_STDIO_H 1
| #define HAVE_STDLIB_H 1
| #define HAVE_STRING_H 1
| #define HAVE_INTTYPES_H 1
| #define HAVE_STDINT_H 1
| #define HAVE_STRINGS_H 1
| #define HAVE_SYS_STAT_H 1
| #define HAVE_SYS_TYPES_H 1
| #define HAVE_UNISTD_H 1
| #define HAVE_WCHAR_H 1
| #define STDC_HEADERS 1
| #define _ALL_SOURCE 1
| #define _DARWIN_C_SOURCE 1
| #define _GNU_SOURCE 1
| #define _HPUX_ALT_XOPEN_SOCKET_API 1
| #define _NETBSD_SOURCE 1
| #define _OPENBSD_SOURCE 1
| #define _POSIX_PTHREAD_SEMANTICS 1
| #define __STDC_WANT_IEC_60559_ATTRIBS_EXT__ 1
| #define __STDC_WANT_IEC_60559_BFP_EXT__ 1
| #define __STDC_WANT_IEC_60559_DFP_EXT__ 1
| #define __STDC_WANT_IEC_60559_EXT__ 1
| #define __STDC_WANT_IEC_60559_FUNCS_EXT__ 1
| #define __STDC_WANT_IEC_60559_TYPES_EXT__ 1
| #define __STDC_WANT_LIB_EXT2__ 1
| #define __STDC_WANT_MATH_SPEC_FUNCS__ 1
| #define _TANDEM_SOURCE 1
| #define __EXTENSIONS__ 1
| /* end confdefs.h.  */
|     /* Override any gcc2 internal prototype to avoid an error.  */
|     /* We use char because int might match the return type of a gcc2
|       builtin and then its argument prototype would still apply.  */
|   char xmalloc();
| 
| int
| main (void)
| {
| xmalloc()
|   ;
|   return 0;
| }
configure:4683: gcc -o conftest -g -O2   conftest.c /usr/lib/libiberty.a   >&5
clang: error: no such file or directory: '/usr/lib/libiberty.a'
configure:4683: $? = 1
configure: failed program was:
| /* confdefs.h */
| #define PACKAGE_NAME "which"
| #define PACKAGE_TARNAME "which"
| #define PACKAGE_VERSION "2.21"
| #define PACKAGE_STRING "which 2.21"
| #define PACKAGE_BUGREPORT ""
| #define PACKAGE_URL ""
| #define PACKAGE "which"
| #define VERSION "2.21"
| #define HAVE_STDIO_H 1
| #define HAVE_STDLIB_H 1
| #define HAVE_STRING_H 1
| #define HAVE_INTTYPES_H 1
| #define HAVE_STDINT_H 1
| #define HAVE_STRINGS_H 1
| #define HAVE_SYS_STAT_H 1
| #define HAVE_SYS_TYPES_H 1
| #define HAVE_UNISTD_H 1
| #define HAVE_WCHAR_H 1
| #define STDC_HEADERS 1
| #define _ALL_SOURCE 1
| #define _DARWIN_C_SOURCE 1
| #define _GNU_SOURCE 1
| #define _HPUX_ALT_XOPEN_SOCKET_API 1
| #define _NETBSD_SOURCE 1
| #define _OPENBSD_SOURCE 1
| #define _POSIX_PTHREAD_SEMANTICS 1
| #define __STDC_WANT_IEC_60559_ATTRIBS_EXT__ 1
| #define __STDC_WANT_IEC_60559_BFP_EXT__ 1
| #define __STDC_WANT_IEC_60559_DFP_EXT__ 1
| #define __STDC_WANT_IEC_60559_EXT__ 1
| #define __STDC_WANT_IEC_60559_FUNCS_EXT__ 1
| #define __STDC_WANT_IEC_60559_TYPES_EXT__ 1
| #define __STDC_WANT_LIB_EXT2__ 1
| #define __STDC_WANT_MATH_SPEC_FUNCS__ 1
| #define _TANDEM_SOURCE 1
| #define __EXTENSIONS__ 1
| /* end confdefs.h.  */
|     /* Override any gcc2 internal prototype to avoid an error.  */
|     /* We use char because int might match the return type of a gcc2
|       builtin and then its argument prototype would still apply.  */
|   char xmalloc();
| 
| int
| main (void)
| {
| xmalloc()
|   ;
|   return 0;
| }
configure:4712: result: no
configure:4718: checking for grep that handles long lines and -e
configure:4784: result: /usr/bin/grep
configure:4792: checking for egrep
configure:4862: result: /usr/bin/grep -E
configure:4870: checking for unistd.h
configure:4870: result: yes
configure:4876: checking for string.h
configure:4876: result: yes
configure:4882: checking for libiberty.h
configure:4882: gcc -c -g -O2  conftest.c >&5
conftest.c:69:10: fatal error: 'libiberty.h' file not found
#include <libiberty.h>
         ^~~~~~~~~~~~~
1 error generated.
configure:4882: $? = 1
configure: failed program was:
| /* confdefs.h */
| #define PACKAGE_NAME "which"
| #define PACKAGE_TARNAME "which"
| #define PACKAGE_VERSION "2.21"
| #define PACKAGE_STRING "which 2.21"
| #define PACKAGE_BUGREPORT ""
| #define PACKAGE_URL ""
| #define PACKAGE "which"
| #define VERSION "2.21"
| #define HAVE_STDIO_H 1
| #define HAVE_STDLIB_H 1
| #define HAVE_STRING_H 1
| #define HAVE_INTTYPES_H 1
| #define HAVE_STDINT_H 1
| #define HAVE_STRINGS_H 1
| #define HAVE_SYS_STAT_H 1
| #define HAVE_SYS_TYPES_H 1
| #define HAVE_UNISTD_H 1
| #define HAVE_WCHAR_H 1
| #define STDC_HEADERS 1
| #define _ALL_SOURCE 1
| #define _DARWIN_C_SOURCE 1
| #define _GNU_SOURCE 1
| #define _HPUX_ALT_XOPEN_SOCKET_API 1
| #define _NETBSD_SOURCE 1
| #define _OPENBSD_SOURCE 1
| #define _POSIX_PTHREAD_SEMANTICS 1
| #define __STDC_WANT_IEC_60559_ATTRIBS_EXT__ 1
| #define __STDC_WANT_IEC_60559_BFP_EXT__ 1
| #define __STDC_WANT_IEC_60559_DFP_EXT__ 1
| #define __STDC_WANT_IEC_60559_EXT__ 1
| #define __STDC_WANT_IEC_60559_FUNCS_EXT__ 1
| #define __STDC_WANT_IEC_60559_TYPES_EXT__ 1
| #define __STDC_WANT_LIB_EXT2__ 1
| #define __STDC_WANT_MATH_SPEC_FUNCS__ 1
| #define _TANDEM_SOURCE 1
| #define __EXTENSIONS__ 1
| #define HAVE_UNISTD_H 1
| #define HAVE_STRING_H 1
| /* end confdefs.h.  */
| #include <stddef.h>
| #ifdef HAVE_STDIO_H
| # include <stdio.h>
| #endif
| #ifdef HAVE_STDLIB_H
| # include <stdlib.h>
| #endif
| #ifdef HAVE_STRING_H
| # include <string.h>
| #endif
| #ifdef HAVE_INTTYPES_H
| # include <inttypes.h>
| #endif
| #ifdef HAVE_STDINT_H
| # include <stdint.h>
| #endif
| #ifdef HAVE_STRINGS_H
| # include <strings.h>
| #endif
| #ifdef HAVE_SYS_TYPES_H
| # include <sys/types.h>
| #endif
| #ifdef HAVE_SYS_STAT_H
| # include <sys/stat.h>
| #endif
| #ifdef HAVE_UNISTD_H
| # include <unistd.h>
| #endif
| #include <libiberty.h>
configure:4882: result: no
configure:4889: checking whether stat file-mode macros are broken
configure:4917: gcc -c -g -O2  conftest.c >&5
configure:4917: $? = 0
configure:4927: result: no
configure:4936: checking for an ANSI C-conforming const
configure:5003: gcc -c -g -O2  conftest.c >&5
configure:5003: $? = 0
configure:5013: result: yes
configure:5021: checking for size_t
configure:5021: gcc -c -g -O2  conftest.c >&5
configure:5021: $? = 0
configure:5021: gcc -c -g -O2  conftest.c >&5
conftest.c:72:21: error: expected expression
if (sizeof ((size_t)))
                    ^
1 error generated.
configure:5021: $? = 1
configure: failed program was:
| /* confdefs.h */
| #define PACKAGE_NAME "which"
| #define PACKAGE_TARNAME "which"
| #define PACKAGE_VERSION "2.21"
| #define PACKAGE_STRING "which 2.21"
| #define PACKAGE_BUGREPORT ""
| #define PACKAGE_URL ""
| #define PACKAGE "which"
| #define VERSION "2.21"
| #define HAVE_STDIO_H 1
| #define HAVE_STDLIB_H 1
| #define HAVE_STRING_H 1
| #define HAVE_INTTYPES_H 1
| #define HAVE_STDINT_H 1
| #define HAVE_STRINGS_H 1
| #define HAVE_SYS_STAT_H 1
| #define HAVE_SYS_TYPES_H 1
| #define HAVE_UNISTD_H 1
| #define HAVE_WCHAR_H 1
| #define STDC_HEADERS 1
| #define _ALL_SOURCE 1
| #define _DARWIN_C_SOURCE 1
| #define _GNU_SOURCE 1
| #define _HPUX_ALT_XOPEN_SOCKET_API 1
| #define _NETBSD_SOURCE 1
| #define _OPENBSD_SOURCE 1
| #define _POSIX_PTHREAD_SEMANTICS 1
| #define __STDC_WANT_IEC_60559_ATTRIBS_EXT__ 1
| #define __STDC_WANT_IEC_60559_BFP_EXT__ 1
| #define __STDC_WANT_IEC_60559_DFP_EXT__ 1
| #define __STDC_WANT_IEC_60559_EXT__ 1
| #define __STDC_WANT_IEC_60559_FUNCS_EXT__ 1
| #define __STDC_WANT_IEC_60559_TYPES_EXT__ 1
| #define __STDC_WANT_LIB_EXT2__ 1
| #define __STDC_WANT_MATH_SPEC_FUNCS__ 1
| #define _TANDEM_SOURCE 1
| #define __EXTENSIONS__ 1
| #define HAVE_UNISTD_H 1
| #define HAVE_STRING_H 1
| /* end confdefs.h.  */
| #include <stddef.h>
| #ifdef HAVE_STDIO_H
| # include <stdio.h>
| #endif
| #ifdef HAVE_STDLIB_H
| # include <stdlib.h>
| #endif
| #ifdef HAVE_STRING_H
| # include <string.h>
| #endif
| #ifdef HAVE_INTTYPES_H
| # include <inttypes.h>
| #endif
| #ifdef HAVE_STDINT_H
| # include <stdint.h>
| #endif
| #ifdef HAVE_STRINGS_H
| # include <strings.h>
| #endif
| #ifdef HAVE_SYS_TYPES_H
| # include <sys/types.h>
| #endif
| #ifdef HAVE_SYS_STAT_H
| # include <sys/stat.h>
| #endif
| #ifdef HAVE_UNISTD_H
| # include <unistd.h>
| #endif
| int
| main (void)
| {
| if (sizeof ((size_t)))
| 	    return 0;
|   ;
|   return 0;
| }
configure:5021: result: yes
configure:5033: checking for uid_t
configure:5033: gcc -c -g -O2  conftest.c >&5
configure:5033: $? = 0
configure:5033: gcc -c -g -O2  conftest.c >&5
conftest.c:72:20: error: expected expression
if (sizeof ((uid_t)))
                   ^
1 error generated.
configure:5033: $? = 1
configure: failed program was:
| /* confdefs.h */
| #define PACKAGE_NAME "which"
| #define PACKAGE_TARNAME "which"
| #define PACKAGE_VERSION "2.21"
| #define PACKAGE_STRING "which 2.21"
| #define PACKAGE_BUGREPORT ""
| #define PACKAGE_URL ""
| #define PACKAGE "which"
| #define VERSION "2.21"
| #define HAVE_STDIO_H 1
| #define HAVE_STDLIB_H 1
| #define HAVE_STRING_H 1
| #define HAVE_INTTYPES_H 1
| #define HAVE_STDINT_H 1
| #define HAVE_STRINGS_H 1
| #define HAVE_SYS_STAT_H 1
| #define HAVE_SYS_TYPES_H 1
| #define HAVE_UNISTD_H 1
| #define HAVE_WCHAR_H 1
| #define STDC_HEADERS 1
| #define _ALL_SOURCE 1
| #define _DARWIN_C_SOURCE 1
| #define _GNU_SOURCE 1
| #define _HPUX_ALT_XOPEN_SOCKET_API 1
| #define _NETBSD_SOURCE 1
| #define _OPENBSD_SOURCE 1
| #define _POSIX_PTHREAD_SEMANTICS 1
| #define __STDC_WANT_IEC_60559_ATTRIBS_EXT__ 1
| #define __STDC_WANT_IEC_60559_BFP_EXT__ 1
| #define __STDC_WANT_IEC_60559_DFP_EXT__ 1
| #define __STDC_WANT_IEC_60559_EXT__ 1
| #define __STDC_WANT_IEC_60559_FUNCS_EXT__ 1
| #define __STDC_WANT_IEC_60559_TYPES_EXT__ 1
| #define __STDC_WANT_LIB_EXT2__ 1
| #define __STDC_WANT_MATH_SPEC_FUNCS__ 1
| #define _TANDEM_SOURCE 1
| #define __EXTENSIONS__ 1
| #define HAVE_UNISTD_H 1
| #define HAVE_STRING_H 1
| /* end confdefs.h.  */
| #include <stddef.h>
| #ifdef HAVE_STDIO_H
| # include <stdio.h>
| #endif
| #ifdef HAVE_STDLIB_H
| # include <stdlib.h>
| #endif
| #ifdef HAVE_STRING_H
| # include <string.h>
| #endif
| #ifdef HAVE_INTTYPES_H
| # include <inttypes.h>
| #endif
| #ifdef HAVE_STDINT_H
| # include <stdint.h>
| #endif
| #ifdef HAVE_STRINGS_H
| # include <strings.h>
| #endif
| #ifdef HAVE_SYS_TYPES_H
| # include <sys/types.h>
| #endif
| #ifdef HAVE_SYS_STAT_H
| # include <sys/stat.h>
| #endif
| #ifdef HAVE_UNISTD_H
| # include <unistd.h>
| #endif
| int
| main (void)
| {
| if (sizeof ((uid_t)))
| 	    return 0;
|   ;
|   return 0;
| }
configure:5033: result: yes
configure:5044: checking for gid_t
configure:5044: gcc -c -g -O2  conftest.c >&5
configure:5044: $? = 0
configure:5044: gcc -c -g -O2  conftest.c >&5
conftest.c:72:20: error: expected expression
if (sizeof ((gid_t)))
                   ^
1 error generated.
configure:5044: $? = 1
configure: failed program was:
| /* confdefs.h */
| #define PACKAGE_NAME "which"
| #define PACKAGE_TARNAME "which"
| #define PACKAGE_VERSION "2.21"
| #define PACKAGE_STRING "which 2.21"
| #define PACKAGE_BUGREPORT ""
| #define PACKAGE_URL ""
| #define PACKAGE "which"
| #define VERSION "2.21"
| #define HAVE_STDIO_H 1
| #define HAVE_STDLIB_H 1
| #define HAVE_STRING_H 1
| #define HAVE_INTTYPES_H 1
| #define HAVE_STDINT_H 1
| #define HAVE_STRINGS_H 1
| #define HAVE_SYS_STAT_H 1
| #define HAVE_SYS_TYPES_H 1
| #define HAVE_UNISTD_H 1
| #define HAVE_WCHAR_H 1
| #define STDC_HEADERS 1
| #define _ALL_SOURCE 1
| #define _DARWIN_C_SOURCE 1
| #define _GNU_SOURCE 1
| #define _HPUX_ALT_XOPEN_SOCKET_API 1
| #define _NETBSD_SOURCE 1
| #define _OPENBSD_SOURCE 1
| #define _POSIX_PTHREAD_SEMANTICS 1
| #define __STDC_WANT_IEC_60559_ATTRIBS_EXT__ 1
| #define __STDC_WANT_IEC_60559_BFP_EXT__ 1
| #define __STDC_WANT_IEC_60559_DFP_EXT__ 1
| #define __STDC_WANT_IEC_60559_EXT__ 1
| #define __STDC_WANT_IEC_60559_FUNCS_EXT__ 1
| #define __STDC_WANT_IEC_60559_TYPES_EXT__ 1
| #define __STDC_WANT_LIB_EXT2__ 1
| #define __STDC_WANT_MATH_SPEC_FUNCS__ 1
| #define _TANDEM_SOURCE 1
| #define __EXTENSIONS__ 1
| #define HAVE_UNISTD_H 1
| #define HAVE_STRING_H 1
| /* end confdefs.h.  */
| #include <stddef.h>
| #ifdef HAVE_STDIO_H
| # include <stdio.h>
| #endif
| #ifdef HAVE_STDLIB_H
| # include <stdlib.h>
| #endif
| #ifdef HAVE_STRING_H
| # include <string.h>
| #endif
| #ifdef HAVE_INTTYPES_H
| # include <inttypes.h>
| #endif
| #ifdef HAVE_STDINT_H
| # include <stdint.h>
| #endif
| #ifdef HAVE_STRINGS_H
| # include <strings.h>
| #endif
| #ifdef HAVE_SYS_TYPES_H
| # include <sys/types.h>
| #endif
| #ifdef HAVE_SYS_STAT_H
| # include <sys/stat.h>
| #endif
| #ifdef HAVE_UNISTD_H
| # include <unistd.h>
| #endif
| int
| main (void)
| {
| if (sizeof ((gid_t)))
| 	    return 0;
|   ;
|   return 0;
| }
configure:5044: result: yes
configure:5055: checking type of array argument to getgroups
configure:5085: gcc -c -g -O2  conftest.c >&5
configure:5085: $? = 0
configure:5105: gcc -c -g -O2  conftest.c >&5
conftest.c:69:12: error: conflicting types for 'getgroups'
extern int getgroups(int, int *);
           ^
/Library/Developer/CommandLineTools/SDKs/MacOSX.sdk/usr/include/unistd.h:454:6: note: previous declaration is here
int      getgroups(int, gid_t []) __DARWIN_ALIAS_STARTING(__MAC_10_6, __IPHONE_3_2, __DARWIN_EXTSN(getgroups));
         ^
1 error generated.
configure:5105: $? = 1
configure: failed program was:
| /* confdefs.h */
| #define PACKAGE_NAME "which"
| #define PACKAGE_TARNAME "which"
| #define PACKAGE_VERSION "2.21"
| #define PACKAGE_STRING "which 2.21"
| #define PACKAGE_BUGREPORT ""
| #define PACKAGE_URL ""
| #define PACKAGE "which"
| #define VERSION "2.21"
| #define HAVE_STDIO_H 1
| #define HAVE_STDLIB_H 1
| #define HAVE_STRING_H 1
| #define HAVE_INTTYPES_H 1
| #define HAVE_STDINT_H 1
| #define HAVE_STRINGS_H 1
| #define HAVE_SYS_STAT_H 1
| #define HAVE_SYS_TYPES_H 1
| #define HAVE_UNISTD_H 1
| #define HAVE_WCHAR_H 1
| #define STDC_HEADERS 1
| #define _ALL_SOURCE 1
| #define _DARWIN_C_SOURCE 1
| #define _GNU_SOURCE 1
| #define _HPUX_ALT_XOPEN_SOCKET_API 1
| #define _NETBSD_SOURCE 1
| #define _OPENBSD_SOURCE 1
| #define _POSIX_PTHREAD_SEMANTICS 1
| #define __STDC_WANT_IEC_60559_ATTRIBS_EXT__ 1
| #define __STDC_WANT_IEC_60559_BFP_EXT__ 1
| #define __STDC_WANT_IEC_60559_DFP_EXT__ 1
| #define __STDC_WANT_IEC_60559_EXT__ 1
| #define __STDC_WANT_IEC_60559_FUNCS_EXT__ 1
| #define __STDC_WANT_IEC_60559_TYPES_EXT__ 1
| #define __STDC_WANT_LIB_EXT2__ 1
| #define __STDC_WANT_MATH_SPEC_FUNCS__ 1
| #define _TANDEM_SOURCE 1
| #define __EXTENSIONS__ 1
| #define HAVE_UNISTD_H 1
| #define HAVE_STRING_H 1
| /* end confdefs.h.  */
| #include <stddef.h>
| #ifdef HAVE_STDIO_H
| # include <stdio.h>
| #endif
| #ifdef HAVE_STDLIB_H
| # include <stdlib.h>
| #endif
| #ifdef HAVE_STRING_H
| # include <string.h>
| #endif
| #ifdef HAVE_INTTYPES_H
| # include <inttypes.h>
| #endif
| #ifdef HAVE_STDINT_H
| # include <stdint.h>
| #endif
| #ifdef HAVE_STRINGS_H
| # include <strings.h>
| #endif
| #ifdef HAVE_SYS_TYPES_H
| # include <sys/types.h>
| #endif
| #ifdef HAVE_SYS_STAT_H
| # include <sys/stat.h>
| #endif
| #ifdef HAVE_UNISTD_H
| # include <unistd.h>
| #endif
| extern int getgroups(int, int *);
| int
| main (void)
| {
| return !(getgroups(0, 0) >= 0);
|   ;
|   return 0;
| }
configure:5170: result: gid_t
configure:5175: checking for strchr
configure:5175: gcc -o conftest -g -O2   conftest.c  >&5
conftest.c:58:6: warning: incompatible redeclaration of library function 'strchr' [-Wincompatible-library-redeclaration]
char strchr (void);
     ^
conftest.c:58:6: note: 'strchr' is a builtin with type 'char *(const char *, int)'
1 warning generated.
configure:5175: $? = 0
configure:5175: result: yes
configure:5181: checking for memcpy
configure:5181: gcc -o conftest -g -O2   conftest.c  >&5
conftest.c:59:6: warning: incompatible redeclaration of library function 'memcpy' [-Wincompatible-library-redeclaration]
char memcpy (void);
     ^
conftest.c:59:6: note: 'memcpy' is a builtin with type 'void *(void *, const void *, unsigned long)'
1 warning generated.
configure:5181: $? = 0
configure:5181: result: yes
configure:5187: checking for getopt_long
configure:5187: gcc -o conftest -g -O2   conftest.c  >&5
configure:5187: $? = 0
configure:5187: result: yes
configure:5193: checking for getcwd
configure:5193: gcc -o conftest -g -O2   conftest.c  >&5
configure:5193: $? = 0
configure:5193: result: yes
configure:5199: checking for getwd
configure:5199: gcc -o conftest -g -O2   conftest.c  >&5
configure:5199: $? = 0
configure:5199: result: yes
configure:5205: checking for sysconf
configure:5205: gcc -o conftest -g -O2   conftest.c  >&5
configure:5205: $? = 0
configure:5205: result: yes
configure:5211: checking for getgroups
configure:5211: gcc -o conftest -g -O2   conftest.c  >&5
configure:5211: $? = 0
configure:5211: result: yes
configure:5217: checking for eaccess
configure:5217: gcc -o conftest -g -O2   conftest.c  >&5
ld: Undefined symbols:
  _eaccess, referenced from:
      _main in conftest-f116c7.o
clang: error: linker command failed with exit code 1 (use -v to see invocation)
configure:5217: $? = 1
configure: failed program was:
| /* confdefs.h */
| #define PACKAGE_NAME "which"
| #define PACKAGE_TARNAME "which"
| #define PACKAGE_VERSION "2.21"
| #define PACKAGE_STRING "which 2.21"
| #define PACKAGE_BUGREPORT ""
| #define PACKAGE_URL ""
| #define PACKAGE "which"
| #define VERSION "2.21"
| #define HAVE_STDIO_H 1
| #define HAVE_STDLIB_H 1
| #define HAVE_STRING_H 1
| #define HAVE_INTTYPES_H 1
| #define HAVE_STDINT_H 1
| #define HAVE_STRINGS_H 1
| #define HAVE_SYS_STAT_H 1
| #define HAVE_SYS_TYPES_H 1
| #define HAVE_UNISTD_H 1
| #define HAVE_WCHAR_H 1
| #define STDC_HEADERS 1
| #define _ALL_SOURCE 1
| #define _DARWIN_C_SOURCE 1
| #define _GNU_SOURCE 1
| #define _HPUX_ALT_XOPEN_SOCKET_API 1
| #define _NETBSD_SOURCE 1
| #define _OPENBSD_SOURCE 1
| #define _POSIX_PTHREAD_SEMANTICS 1
| #define __STDC_WANT_IEC_60559_ATTRIBS_EXT__ 1
| #define __STDC_WANT_IEC_60559_BFP_EXT__ 1
| #define __STDC_WANT_IEC_60559_DFP_EXT__ 1
| #define __STDC_WANT_IEC_60559_EXT__ 1
| #define __STDC_WANT_IEC_60559_FUNCS_EXT__ 1
| #define __STDC_WANT_IEC_60559_TYPES_EXT__ 1
| #define __STDC_WANT_LIB_EXT2__ 1
| #define __STDC_WANT_MATH_SPEC_FUNCS__ 1
| #define _TANDEM_SOURCE 1
| #define __EXTENSIONS__ 1
| #define HAVE_UNISTD_H 1
| #define HAVE_STRING_H 1
| #define GETGROUPS_T gid_t
| #define HAVE_STRCHR 1
| #define HAVE_MEMCPY 1
| #define HAVE_GETOPT_LONG 1
| #define HAVE_GETCWD 1
| #define HAVE_GETWD 1
| #define HAVE_SYSCONF 1
| #define HAVE_GETGROUPS 1
| /* end confdefs.h.  */
| /* Define eaccess to an innocuous variant, in case <limits.h> declares eaccess.
|    For example, HP-UX 11i <limits.h> declares gettimeofday.  */
| #define eaccess innocuous_eaccess
| 
| /* System header to define __stub macros and hopefully few prototypes,
|    which can conflict with char eaccess (void); below.  */
| 
| #include <limits.h>
| #undef eaccess
| 
| /* Override any GCC internal prototype to avoid an error.
|    Use char because int might match the return type of a GCC
|    builtin and then its argument prototype would still apply.  */
| #ifdef __cplusplus
| extern "C"
| #endif
| char eaccess (void);
| /* The GNU C library defines this for functions which it implements
|     to always fail with ENOSYS.  Some functions are actually named
|     something starting with __ and the normal name is an alias.  */
| #if defined __stub_eaccess || defined __stub___eaccess
| choke me
| #endif
| 
| int
| main (void)
| {
| return eaccess ();
|   ;
|   return 0;
| }
configure:5217: result: no
configure:5280: checking for gcc
configure:5313: result: gcc
configure:5672: checking for C compiler version
configure:5681: gcc --version >&5
Apple clang version 15.0.0 (clang-1500.1.0.2.5)
Target: arm64-apple-darwin23.2.0
Thread model: posix
InstalledDir: /Library/Developer/CommandLineTools/usr/bin
configure:5692: $? = 0
configure:5681: gcc -v >&5
Apple clang version 15.0.0 (clang-1500.1.0.2.5)
Target: arm64-apple-darwin23.2.0
Thread model: posix
InstalledDir: /Library/Developer/CommandLineTools/usr/bin
configure:5692: $? = 0
configure:5681: gcc -V >&5
clang: error: argument to '-V' is missing (expected 1 value)
clang: error: no input files
configure:5692: $? = 1
configure:5681: gcc -qversion >&5
clang: error: unknown argument '-qversion'; did you mean '--version'?
clang: error: no input files
configure:5692: $? = 1
configure:5681: gcc -version >&5
clang: error: unknown argument '-version'; did you mean '--version'?
clang: error: no input files
configure:5692: $? = 1
configure:5696: checking whether the compiler supports GNU C
configure:5728: result: yes
configure:5739: checking whether gcc accepts -g
configure:5807: result: yes
configure:5827: checking for gcc option to enable C11 features
configure:5861: result: none needed
configure:5985: checking whether gcc understands -c and -o together
configure:6024: result: yes
configure:6043: checking dependency style of gcc
configure:6156: result: pch
configure:6191: checking for ar
configure:6212: found /usr/bin/ar
configure:6225: result: ar
configure:6282: checking for ranlib
configure:6303: found /usr/bin/ranlib
configure:6315: result: ranlib
configure:6337: checking for stdlib.h
configure:6337: result: yes
configure:6343: checking for memory.h
configure:6343: gcc -c -g -O2  conftest.c >&5
configure:6343: $? = 0
configure:6343: result: yes
configure:6349: checking for pwd.h
configure:6349: gcc -c -g -O2  conftest.c >&5
configure:6349: $? = 0
configure:6349: result: yes
configure:6355: checking for strings.h
configure:6355: result: yes
configure:6362: checking for getpwent
configure:6362: gcc -o conftest -g -O2   conftest.c  >&5
configure:6362: $? = 0
configure:6362: result: yes
configure:6368: checking for getpwnam
configure:6368: gcc -o conftest -g -O2   conftest.c  >&5
configure:6368: $? = 0
configure:6368: result: yes
configure:6374: checking for getpwuid
configure:6374: gcc -o conftest -g -O2   conftest.c  >&5
configure:6374: $? = 0
configure:6374: result: yes
configure:6381: checking whether programs are able to redeclare getpw functions
configure:6402: gcc -c -g -O2  conftest.c >&5
conftest.c:60:23: warning: a function declaration without a prototype is deprecated in all versions of C and is treated as a zero-parameter prototype in C2x, conflicting with a previous declaration [-Wdeprecated-non-prototype]
extern struct passwd *getpwuid();
                      ^
/Library/Developer/CommandLineTools/SDKs/MacOSX.sdk/usr/include/pwd.h:100:16: note: conflicting prototype is here
struct passwd   *getpwuid(uid_t);
                 ^
conftest.c:61:23: warning: a function declaration without a prototype is deprecated in all versions of C and is treated as a zero-parameter prototype in C2x, conflicting with a previous declaration [-Wdeprecated-non-prototype]
extern struct passwd *getpwnam();
                      ^
/Library/Developer/CommandLineTools/SDKs/MacOSX.sdk/usr/include/pwd.h:101:16: note: conflicting prototype is here
struct passwd   *getpwnam(const char *);
                 ^
2 warnings generated.
configure:6402: $? = 0
configure:6413: result: yes
configure:6532: checking that generated files are newer than configure
configure:6538: result: done
configure:6569: creating ./config.status

## ---------------- ##
## Cache variables. ##
## ---------------- ##

ac_cv_c_compiler_gnu=yes
ac_cv_c_const=yes
ac_cv_env_CC_set=
ac_cv_env_CC_value=
ac_cv_env_CFLAGS_set=
ac_cv_env_CFLAGS_value=
ac_cv_env_CPPFLAGS_set=
ac_cv_env_CPPFLAGS_value=
ac_cv_env_LDFLAGS_set=
ac_cv_env_LDFLAGS_value=
ac_cv_env_LIBS_set=
ac_cv_env_LIBS_value=
ac_cv_env_build_alias_set=
ac_cv_env_build_alias_value=
ac_cv_env_host_alias_set=
ac_cv_env_host_alias_value=
ac_cv_env_target_alias_set=
ac_cv_env_target_alias_value=
ac_cv_func_eaccess=no
ac_cv_func_getcwd=yes
ac_cv_func_getgroups=yes
ac_cv_func_getopt_long=yes
ac_cv_func_getpwent=yes
ac_cv_func_getpwnam=yes
ac_cv_func_getpwuid=yes
ac_cv_func_getwd=yes
ac_cv_func_memcpy=yes
ac_cv_func_strchr=yes
ac_cv_func_sysconf=yes
ac_cv_header_inttypes_h=yes
ac_cv_header_libiberty_h=no
ac_cv_header_memory_h=yes
ac_cv_header_minix_config_h=no
ac_cv_header_pwd_h=yes
ac_cv_header_stat_broken=no
ac_cv_header_stdint_h=yes
ac_cv_header_stdio_h=yes
ac_cv_header_stdlib_h=yes
ac_cv_header_string_h=yes
ac_cv_header_strings_h=yes
ac_cv_header_sys_stat_h=yes
ac_cv_header_sys_types_h=yes
ac_cv_header_unistd_h=yes
ac_cv_header_wchar_h=yes
ac_cv_lib_static_libiberty_a_xmalloc=no
ac_cv_objext=o
ac_cv_path_EGREP='/usr/bin/grep -E'
ac_cv_path_EGREP_TRADITIONAL='/usr/bin/grep -E'
ac_cv_path_GREP=/usr/bin/grep
ac_cv_path_install='/usr/bin/install -c'
ac_cv_prog_AR=ar
ac_cv_prog_AWK=awk
ac_cv_prog_ac_ct_CC=gcc
ac_cv_prog_ac_ct_RANLIB=ranlib
ac_cv_prog_cc_c11=
ac_cv_prog_cc_g=yes
ac_cv_prog_cc_stdc=
ac_cv_prog_make_make_set=yes
ac_cv_safe_to_define___extensions__=yes
ac_cv_should_define__xopen_source=no
ac_cv_type_getgroups=gid_t
ac_cv_type_gid_t=yes
ac_cv_type_size_t=yes
ac_cv_type_uid_t=yes
am_cv_CC_dependencies_compiler_type=pch
am_cv_make_support_nested_variables=yes
am_cv_prog_cc_c_o=yes
bash_cv_can_redecl_getpw=yes
which_cv_iberty=yes

## ----------------- ##
## Output variables. ##
## ----------------- ##

ACLOCAL='${SHELL} /Users/mac/rustmap-clone/c-code/which-2.21/missing aclocal-1.14'
ACLOCAL_CWFLAGS='-I /usr/share/cwautomacros/m4'
AMDEPBACKSLASH='\'
AMDEP_FALSE='#'
AMDEP_TRUE=''
AMTAR='$${TAR-tar}'
AM_BACKSLASH='\'
AM_DEFAULT_V='$(AM_DEFAULT_VERBOSITY)'
AM_DEFAULT_VERBOSITY='1'
AM_V='$(V)'
AR='ar'
AUTOCONF='${SHELL} /Users/mac/rustmap-clone/c-code/which-2.21/missing autoconf'
AUTOHEADER='${SHELL} /Users/mac/rustmap-clone/c-code/which-2.21/missing autoheader'
AUTOMAKE='${SHELL} /Users/mac/rustmap-clone/c-code/which-2.21/missing automake-1.14'
AWK='awk'
CC='gcc'
CCDEPMODE='depmode=pch'
CFLAGS='-g -O2'
CPPFLAGS=''
CYGPATH_W='echo'
DEFS='-DHAVE_CONFIG_H'
DEPDIR='.deps'
ECHO_C='\c'
ECHO_N=''
ECHO_T=''
EGREP='/usr/bin/grep -E'
EXEEXT=''
GREP='/usr/bin/grep'
INSTALL_DATA='${INSTALL} -m 644'
INSTALL_PROGRAM='${INSTALL}'
INSTALL_SCRIPT='${INSTALL}'
INSTALL_STRIP_PROGRAM='$(install_sh) -c -s'
LDFLAGS=''
LIBOBJS=''
LIBS=''
LTLIBOBJS=''
MAINT='#'
MAINTAINER_MODE_FALSE=''
MAINTAINER_MODE_TRUE='#'
MAKEINFO='${SHELL} /Users/mac/rustmap-clone/c-code/which-2.21/missing makeinfo'
MKDIR_P='mkdir -p'
OBJEXT='o'
PACKAGE='which'
PACKAGE_BUGREPORT=''
PACKAGE_NAME='which'
PACKAGE_STRING='which 2.21'
PACKAGE_TARNAME='which'
PACKAGE_URL=''
PACKAGE_VERSION='2.21'
PATH_SEPARATOR=':'
RANLIB='ranlib'
SET_MAKE=''
SHELL='/bin/sh'
STRIP=''
VERSION='2.21'
ac_ct_CC='gcc'
am__EXEEXT_FALSE=''
am__EXEEXT_TRUE='#'
am__fastdepCC_FALSE=''
am__fastdepCC_TRUE='#'
am__include='include'
am__isrc=''
am__leading_dot='.'
am__nodep='_no'
am__quote=''
am__tar='$${TAR-tar} chof - "$$tardir"'
am__untar='$${TAR-tar} xf -'
bindir='${exec_prefix}/bin'
build_alias=''
datadir='${datarootdir}'
datarootdir='${prefix}/share'
docdir='${datarootdir}/doc/${PACKAGE_TARNAME}'
dvidir='${docdir}'
exec_prefix='${prefix}'
host_alias=''
htmldir='${docdir}'
includedir='${prefix}/include'
infodir='${datarootdir}/info'
install_sh='${SHELL} /Users/mac/rustmap-clone/c-code/which-2.21/install-sh'
libdir='${exec_prefix}/lib'
libexecdir='${exec_prefix}/libexec'
localedir='${datarootdir}/locale'
localstatedir='${prefix}/var'
mandir='${datarootdir}/man'
mkdir_p='$(MKDIR_P)'
oldincludedir='/usr/include'
pdfdir='${docdir}'
prefix='/usr/local'
program_transform_name='s,x,x,'
psdir='${docdir}'
runstatedir='${localstatedir}/run'
sbindir='${exec_prefix}/sbin'
sharedstatedir='${prefix}/com'
sysconfdir='${prefix}/etc'
target_alias=''

## ----------- ##
## confdefs.h. ##
## ----------- ##

/* confdefs.h */
#define PACKAGE_NAME "which"
#define PACKAGE_TARNAME "which"
#define PACKAGE_VERSION "2.21"
#define PACKAGE_STRING "which 2.21"
#define PACKAGE_BUGREPORT ""
#define PACKAGE_URL ""
#define PACKAGE "which"
#define VERSION "2.21"
#define HAVE_STDIO_H 1
#define HAVE_STDLIB_H 1
#define HAVE_STRING_H 1
#define HAVE_INTTYPES_H 1
#define HAVE_STDINT_H 1
#define HAVE_STRINGS_H 1
#define HAVE_SYS_STAT_H 1
#define HAVE_SYS_TYPES_H 1
#define HAVE_UNISTD_H 1
#define HAVE_WCHAR_H 1
#define STDC_HEADERS 1
#define _ALL_SOURCE 1
#define _DARWIN_C_SOURCE 1
#define _GNU_SOURCE 1
#define _HPUX_ALT_XOPEN_SOCKET_API 1
#define _NETBSD_SOURCE 1
#define _OPENBSD_SOURCE 1
#define _POSIX_PTHREAD_SEMANTICS 1
#define __STDC_WANT_IEC_60559_ATTRIBS_EXT__ 1
#define __STDC_WANT_IEC_60559_BFP_EXT__ 1
#define __STDC_WANT_IEC_60559_DFP_EXT__ 1
#define __STDC_WANT_IEC_60559_EXT__ 1
#define __STDC_WANT_IEC_60559_FUNCS_EXT__ 1
#define __STDC_WANT_IEC_60559_TYPES_EXT__ 1
#define __STDC_WANT_LIB_EXT2__ 1
#define __STDC_WANT_MATH_SPEC_FUNCS__ 1
#define _TANDEM_SOURCE 1
#define __EXTENSIONS__ 1
#define HAVE_UNISTD_H 1
#define HAVE_STRING_H 1
#define GETGROUPS_T gid_t
#define HAVE_STRCHR 1
#define HAVE_MEMCPY 1
#define HAVE_GETOPT_LONG 1
#define HAVE_GETCWD 1
#define HAVE_GETWD 1
#define HAVE_SYSCONF 1
#define HAVE_GETGROUPS 1
#define NEED_XMALLOC 1
#define HAVE_STDLIB_H 1
#define HAVE_MEMORY_H 1
#define HAVE_PWD_H 1
#define HAVE_STRINGS_H 1
#define HAVE_GETPWENT 1
#define HAVE_GETPWNAM 1
#define HAVE_GETPWUID 1

configure: exit 0

## ---------------------- ##
## Running config.status. ##
## ---------------------- ##

This file was extended by which config.status 2.21, which was
generated by GNU Autoconf 2.72.  Invocation command line was

  CONFIG_FILES    = 
  CONFIG_HEADERS  = 
  CONFIG_LINKS    = 
  CONFIG_COMMANDS = 
  $ ./config.status 

on macs-MacBook-Pro-2.local

config.status:892: creating Makefile
config.status:892: creating maintMakefile
config.status:892: creating tilde/Makefile
config.status:892: creating config.h
config.status:1073: config.h is unchanged
config.status:1121: executing depfiles commands
